<?xml version="1.0" encoding="UTF-8"?>
<!-- Generated by org.testng.reporters.JUnitReportReporter -->
<testsuite skipped="0" hostname="Lenovo-PC" name="DefaultPackage.Login" tests="1" failures="0" timestamp="2020-05-15T21:24:56 IST" time="32.757" errors="0">
  <testcase name="Login" time="32.757" classname="DefaultPackage.Login"/>
  <system-out/>
</testsuite> <!-- DefaultPackage.Login -->
