<?xml version="1.0" encoding="UTF-8"?>
<!-- Generated by org.testng.reporters.JUnitReportReporter -->
<testsuite skipped="0" hostname="Lenovo-PC" name="DefaultPackage.Login" tests="1" failures="0" timestamp="2020-05-15T17:06:04 IST" time="25.298" errors="0">
  <testcase name="Login" time="25.298" classname="DefaultPackage.Login"/>
  <system-out/>
</testsuite> <!-- DefaultPackage.Login -->
